<?xml version="1.0" encoding="UTF-8"?>
<testsuite xmlns:xsi="http://www.w3.org/2001/XMLSchema-instance" xsi:noNamespaceSchemaLocation="https://maven.apache.org/surefire/maven-surefire-plugin/xsd/surefire-test-report.xsd" name="spark.proj.AppTest" time="0.05" tests="1" errors="0" skipped="0" failures="0">
  <properties>
    <property name="awt.toolkit" value="sun.awt.X11.XToolkit"/>
    <property name="file.encoding.pkg" value="sun.io"/>
    <property name="java.specification.version" value="1.8"/>
    <property name="sun.cpu.isalist" value=""/>
    <property name="sun.jnu.encoding" value="UTF-8"/>
    <property name="java.class.path" value="/home/ubuntu/WinePredict/target/test-classes:/home/ubuntu/WinePredict/target/classes:/home/ubuntu/.m2/repository/junit/junit/4.11/junit-4.11.jar:/home/ubuntu/.m2/repository/org/hamcrest/hamcrest-core/1.3/hamcrest-core-1.3.jar:/home/ubuntu/.m2/repository/org/apache/spark/spark-examples_2.10/1.1.1/spark-examples_2.10-1.1.1.jar:/home/ubuntu/.m2/repository/org/apache/spark/spark-streaming-twitter_2.10/1.1.1/spark-streaming-twitter_2.10-1.1.1.jar:/home/ubuntu/.m2/repository/org/apache/spark/spark-streaming_2.10/1.1.1/spark-streaming_2.10-1.1.1.jar:/home/ubuntu/.m2/repository/org/apache/spark/spark-core_2.10/1.1.1/spark-core_2.10-1.1.1.jar:/home/ubuntu/.m2/repository/net/java/dev/jets3t/jets3t/0.7.1/jets3t-0.7.1.jar:/home/ubuntu/.m2/repository/org/eclipse/jetty/jetty-plus/8.1.14.v20131031/jetty-plus-8.1.14.v20131031.jar:/home/ubuntu/.m2/repository/org/eclipse/jetty/orbit/javax.transaction/1.1.1.v201105210645/javax.transaction-1.1.1.v201105210645.jar:/home/ubuntu/.m2/repository/org/eclipse/jetty/jetty-webapp/8.1.14.v20131031/jetty-webapp-8.1.14.v20131031.jar:/home/ubuntu/.m2/repository/org/eclipse/jetty/jetty-xml/8.1.14.v20131031/jetty-xml-8.1.14.v20131031.jar:/home/ubuntu/.m2/repository/org/eclipse/jetty/jetty-servlet/8.1.14.v20131031/jetty-servlet-8.1.14.v20131031.jar:/home/ubuntu/.m2/repository/org/eclipse/jetty/jetty-jndi/8.1.14.v20131031/jetty-jndi-8.1.14.v20131031.jar:/home/ubuntu/.m2/repository/org/eclipse/jetty/orbit/javax.mail.glassfish/1.4.1.v201005082020/javax.mail.glassfish-1.4.1.v201005082020.jar:/home/ubuntu/.m2/repository/org/eclipse/jetty/orbit/javax.activation/1.1.0.v201105071233/javax.activation-1.1.0.v201105071233.jar:/home/ubuntu/.m2/repository/org/eclipse/jetty/jetty-security/8.1.14.v20131031/jetty-security-8.1.14.v20131031.jar:/home/ubuntu/.m2/repository/org/eclipse/jetty/jetty-util/8.1.14.v20131031/jetty-util-8.1.14.v20131031.jar:/home/ubuntu/.m2/repository/com/twitter/chill_2.10/0.3.6/chill_2.10-0.3.6.jar:/home/ubuntu/.m2/repository/com/esotericsoftware/kryo/kryo/2.21/kryo-2.21.jar:/home/ubuntu/.m2/repository/com/esotericsoftware/reflectasm/reflectasm/1.07/reflectasm-1.07-shaded.jar:/home/ubuntu/.m2/repository/com/esotericsoftware/minlog/minlog/1.2/minlog-1.2.jar:/home/ubuntu/.m2/repository/org/spark-project/akka/akka-remote_2.10/2.2.3-shaded-protobuf/akka-remote_2.10-2.2.3-shaded-protobuf.jar:/home/ubuntu/.m2/repository/org/uncommons/maths/uncommons-maths/1.2.2a/uncommons-maths-1.2.2a.jar:/home/ubuntu/.m2/repository/org/spark-project/akka/akka-slf4j_2.10/2.2.3-shaded-protobuf/akka-slf4j_2.10-2.2.3-shaded-protobuf.jar:/home/ubuntu/.m2/repository/org/json4s/json4s-jackson_2.10/3.2.10/json4s-jackson_2.10-3.2.10.jar:/home/ubuntu/.m2/repository/org/json4s/json4s-core_2.10/3.2.10/json4s-core_2.10-3.2.10.jar:/home/ubuntu/.m2/repository/org/json4s/json4s-ast_2.10/3.2.10/json4s-ast_2.10-3.2.10.jar:/home/ubuntu/.m2/repository/org/scala-lang/scalap/2.10.0/scalap-2.10.0.jar:/home/ubuntu/.m2/repository/colt/colt/1.2.0/colt-1.2.0.jar:/home/ubuntu/.m2/repository/concurrent/concurrent/1.3.4/concurrent-1.3.4.jar:/home/ubuntu/.m2/repository/org/apache/mesos/mesos/0.18.1/mesos-0.18.1-shaded-protobuf.jar:/home/ubuntu/.m2/repository/com/codahale/metrics/metrics-core/3.0.0/metrics-core-3.0.0.jar:/home/ubuntu/.m2/repository/com/codahale/metrics/metrics-jvm/3.0.0/metrics-jvm-3.0.0.jar:/home/ubuntu/.m2/repository/com/codahale/metrics/metrics-json/3.0.0/metrics-json-3.0.0.jar:/home/ubuntu/.m2/repository/com/codahale/metrics/metrics-graphite/3.0.0/metrics-graphite-3.0.0.jar:/home/ubuntu/.m2/repository/org/tachyonproject/tachyon-client/0.5.0/tachyon-client-0.5.0.jar:/home/ubuntu/.m2/repository/org/tachyonproject/tachyon/0.5.0/tachyon-0.5.0.jar:/home/ubuntu/.m2/repository/org/spark-project/pyrolite/2.0.1/pyrolite-2.0.1.jar:/home/ubuntu/.m2/repository/org/twitter4j/twitter4j-stream/3.0.3/twitter4j-stream-3.0.3.jar:/home/ubuntu/.m2/repository/org/twitter4j/twitter4j-core/3.0.3/twitter4j-core-3.0.3.jar:/home/ubuntu/.m2/repository/org/apache/spark/spark-streaming-kafka_2.10/1.1.1/spark-streaming-kafka_2.10-1.1.1.jar:/home/ubuntu/.m2/repository/org/apache/kafka/kafka_2.10/0.8.0/kafka_2.10-0.8.0.jar:/home/ubuntu/.m2/repository/org/scala-lang/scala-compiler/2.10.1/scala-compiler-2.10.1.jar:/home/ubuntu/.m2/repository/com/101tec/zkclient/0.3/zkclient-0.3.jar:/home/ubuntu/.m2/repository/com/yammer/metrics/metrics-annotation/2.2.0/metrics-annotation-2.2.0.jar:/home/ubuntu/.m2/repository/org/apache/spark/spark-streaming-flume_2.10/1.1.1/spark-streaming-flume_2.10-1.1.1.jar:/home/ubuntu/.m2/repository/org/apache/spark/spark-streaming-flume-sink_2.10/1.1.1/spark-streaming-flume-sink_2.10-1.1.1.jar:/home/ubuntu/.m2/repository/org/apache/flume/flume-ng-core/1.4.0/flume-ng-core-1.4.0.jar:/home/ubuntu/.m2/repository/org/apache/flume/flume-ng-configuration/1.4.0/flume-ng-configuration-1.4.0.jar:/home/ubuntu/.m2/repository/org/mortbay/jetty/servlet-api/2.5-20110124/servlet-api-2.5-20110124.jar:/home/ubuntu/.m2/repository/org/apache/mina/mina-core/2.0.4/mina-core-2.0.4.jar:/home/ubuntu/.m2/repository/org/apache/flume/flume-ng-sdk/1.4.0/flume-ng-sdk-1.4.0.jar:/home/ubuntu/.m2/repository/org/apache/spark/spark-streaming-zeromq_2.10/1.1.1/spark-streaming-zeromq_2.10-1.1.1.jar:/home/ubuntu/.m2/repository/org/spark-project/akka/akka-zeromq_2.10/2.2.3-shaded-protobuf/akka-zeromq_2.10-2.2.3-shaded-protobuf.jar:/home/ubuntu/.m2/repository/org/spark-project/akka/akka-actor_2.10/2.2.3-shaded-protobuf/akka-actor_2.10-2.2.3-shaded-protobuf.jar:/home/ubuntu/.m2/repository/com/typesafe/config/1.0.2/config-1.0.2.jar:/home/ubuntu/.m2/repository/org/spark-project/protobuf/protobuf-java/2.4.1-shaded/protobuf-java-2.4.1-shaded.jar:/home/ubuntu/.m2/repository/org/zeromq/zeromq-scala-binding_2.10/0.0.7/zeromq-scala-binding_2.10-0.0.7.jar:/home/ubuntu/.m2/repository/net/java/dev/jna/jna/3.0.9/jna-3.0.9.jar:/home/ubuntu/.m2/repository/com/github/jnr/jnr-constants/0.8.2/jnr-constants-0.8.2.jar:/home/ubuntu/.m2/repository/org/apache/spark/spark-streaming-mqtt_2.10/1.1.1/spark-streaming-mqtt_2.10-1.1.1.jar:/home/ubuntu/.m2/repository/org/eclipse/paho/mqtt-client/0.4.0/mqtt-client-0.4.0.jar:/home/ubuntu/.m2/repository/org/apache/hbase/hbase/0.94.6/hbase-0.94.6.jar:/home/ubuntu/.m2/repository/com/yammer/metrics/metrics-core/2.1.2/metrics-core-2.1.2.jar:/home/ubuntu/.m2/repository/com/google/guava/guava/11.0.2/guava-11.0.2.jar:/home/ubuntu/.m2/repository/commons-cli/commons-cli/1.2/commons-cli-1.2.jar:/home/ubuntu/.m2/repository/commons-configuration/commons-configuration/1.6/commons-configuration-1.6.jar:/home/ubuntu/.m2/repository/commons-digester/commons-digester/1.8/commons-digester-1.8.jar:/home/ubuntu/.m2/repository/commons-beanutils/commons-beanutils/1.7.0/commons-beanutils-1.7.0.jar:/home/ubuntu/.m2/repository/commons-beanutils/commons-beanutils-core/1.8.0/commons-beanutils-core-1.8.0.jar:/home/ubuntu/.m2/repository/com/github/stephenc/high-scale-lib/high-scale-lib/1.1.1/high-scale-lib-1.1.1.jar:/home/ubuntu/.m2/repository/commons-codec/commons-codec/1.4/commons-codec-1.4.jar:/home/ubuntu/.m2/repository/commons-httpclient/commons-httpclient/3.1/commons-httpclient-3.1.jar:/home/ubuntu/.m2/repository/commons-io/commons-io/2.1/commons-io-2.1.jar:/home/ubuntu/.m2/repository/commons-lang/commons-lang/2.5/commons-lang-2.5.jar:/home/ubuntu/.m2/repository/org/apache/avro/avro-ipc/1.5.3/avro-ipc-1.5.3.jar:/home/ubuntu/.m2/repository/org/apache/velocity/velocity/1.7/velocity-1.7.jar:/home/ubuntu/.m2/repository/org/apache/thrift/libthrift/0.8.0/libthrift-0.8.0.jar:/home/ubuntu/.m2/repository/org/apache/httpcomponents/httpclient/4.1.2/httpclient-4.1.2.jar:/home/ubuntu/.m2/repository/org/apache/httpcomponents/httpcore/4.1.3/httpcore-4.1.3.jar:/home/ubuntu/.m2/repository/org/mortbay/jetty/jetty/6.1.26/jetty-6.1.26.jar:/home/ubuntu/.m2/repository/org/mortbay/jetty/jetty-util/6.1.26/jetty-util-6.1.26.jar:/home/ubuntu/.m2/repository/org/mortbay/jetty/jsp-2.1/6.1.14/jsp-2.1-6.1.14.jar:/home/ubuntu/.m2/repository/org/eclipse/jdt/core/3.1.1/core-3.1.1.jar:/home/ubuntu/.m2/repository/org/mortbay/jetty/jsp-api-2.1/6.1.14/jsp-api-2.1-6.1.14.jar:/home/ubuntu/.m2/repository/org/mortbay/jetty/servlet-api-2.5/6.1.14/servlet-api-2.5-6.1.14.jar:/home/ubuntu/.m2/repository/org/codehaus/jackson/jackson-core-asl/1.8.8/jackson-core-asl-1.8.8.jar:/home/ubuntu/.m2/repository/org/codehaus/jackson/jackson-mapper-asl/1.8.8/jackson-mapper-asl-1.8.8.jar:/home/ubuntu/.m2/repository/org/codehaus/jackson/jackson-jaxrs/1.8.8/jackson-jaxrs-1.8.8.jar:/home/ubuntu/.m2/repository/org/codehaus/jackson/jackson-xc/1.8.8/jackson-xc-1.8.8.jar:/home/ubuntu/.m2/repository/tomcat/jasper-compiler/5.5.23/jasper-compiler-5.5.23.jar:/home/ubuntu/.m2/repository/tomcat/jasper-runtime/5.5.23/jasper-runtime-5.5.23.jar:/home/ubuntu/.m2/repository/commons-el/commons-el/1.0/commons-el-1.0.jar:/home/ubuntu/.m2/repository/org/jamon/jamon-runtime/2.3.1/jamon-runtime-2.3.1.jar:/home/ubuntu/.m2/repository/com/google/protobuf/protobuf-java/2.4.0a/protobuf-java-2.4.0a.jar:/home/ubuntu/.m2/repository/com/sun/jersey/jersey-core/1.8/jersey-core-1.8.jar:/home/ubuntu/.m2/repository/com/sun/jersey/jersey-json/1.8/jersey-json-1.8.jar:/home/ubuntu/.m2/repository/org/codehaus/jettison/jettison/1.1/jettison-1.1.jar:/home/ubuntu/.m2/repository/com/sun/xml/bind/jaxb-impl/2.2.3-1/jaxb-impl-2.2.3-1.jar:/home/ubuntu/.m2/repository/com/sun/jersey/jersey-server/1.8/jersey-server-1.8.jar:/home/ubuntu/.m2/repository/javax/xml/bind/jaxb-api/2.1/jaxb-api-2.1.jar:/home/ubuntu/.m2/repository/stax/stax-api/1.0.1/stax-api-1.0.1.jar:/home/ubuntu/.m2/repository/org/eclipse/jetty/jetty-server/8.1.14.v20131031/jetty-server-8.1.14.v20131031.jar:/home/ubuntu/.m2/repository/org/eclipse/jetty/orbit/javax.servlet/3.0.0.v201112011016/javax.servlet-3.0.0.v201112011016.jar:/home/ubuntu/.m2/repository/org/eclipse/jetty/jetty-continuation/8.1.14.v20131031/jetty-continuation-8.1.14.v20131031.jar:/home/ubuntu/.m2/repository/org/eclipse/jetty/jetty-http/8.1.14.v20131031/jetty-http-8.1.14.v20131031.jar:/home/ubuntu/.m2/repository/org/eclipse/jetty/jetty-io/8.1.14.v20131031/jetty-io-8.1.14.v20131031.jar:/home/ubuntu/.m2/repository/com/twitter/algebird-core_2.10/0.1.11/algebird-core_2.10-0.1.11.jar:/home/ubuntu/.m2/repository/com/googlecode/javaewah/JavaEWAH/0.6.6/JavaEWAH-0.6.6.jar:/home/ubuntu/.m2/repository/org/apache/cassandra/cassandra-all/1.2.6/cassandra-all-1.2.6.jar:/home/ubuntu/.m2/repository/net/jpountz/lz4/lz4/1.1.0/lz4-1.1.0.jar:/home/ubuntu/.m2/repository/org/antlr/antlr/3.2/antlr-3.2.jar:/home/ubuntu/.m2/repository/org/antlr/antlr-runtime/3.2/antlr-runtime-3.2.jar:/home/ubuntu/.m2/repository/org/antlr/stringtemplate/3.2/stringtemplate-3.2.jar:/home/ubuntu/.m2/repository/antlr/antlr/2.7.7/antlr-2.7.7.jar:/home/ubuntu/.m2/repository/com/googlecode/json-simple/json-simple/1.1/json-simple-1.1.jar:/home/ubuntu/.m2/repository/org/yaml/snakeyaml/1.6/snakeyaml-1.6.jar:/home/ubuntu/.m2/repository/edu/stanford/ppl/snaptree/0.1/snaptree-0.1.jar:/home/ubuntu/.m2/repository/org/mindrot/jbcrypt/0.3m/jbcrypt-0.3m.jar:/home/ubuntu/.m2/repository/org/apache/cassandra/cassandra-thrift/1.2.6/cassandra-thrift-1.2.6.jar:/home/ubuntu/.m2/repository/com/github/stephenc/jamm/0.2.5/jamm-0.2.5.jar:/home/ubuntu/.m2/repository/com/github/scopt/scopt_2.10/3.2.0/scopt_2.10-3.2.0.jar:/home/ubuntu/.m2/repository/org/apache/spark/spark-core_2.12/2.4.4/spark-core_2.12-2.4.4.jar:/home/ubuntu/.m2/repository/com/thoughtworks/paranamer/paranamer/2.8/paranamer-2.8.jar:/home/ubuntu/.m2/repository/org/apache/avro/avro/1.8.2/avro-1.8.2.jar:/home/ubuntu/.m2/repository/org/apache/commons/commons-compress/1.8.1/commons-compress-1.8.1.jar:/home/ubuntu/.m2/repository/org/tukaani/xz/1.5/xz-1.5.jar:/home/ubuntu/.m2/repository/org/apache/avro/avro-mapred/1.8.2/avro-mapred-1.8.2-hadoop2.jar:/home/ubuntu/.m2/repository/com/twitter/chill_2.12/0.9.3/chill_2.12-0.9.3.jar:/home/ubuntu/.m2/repository/com/esotericsoftware/kryo-shaded/4.0.2/kryo-shaded-4.0.2.jar:/home/ubuntu/.m2/repository/com/esotericsoftware/minlog/1.3.0/minlog-1.3.0.jar:/home/ubuntu/.m2/repository/org/objenesis/objenesis/2.5.1/objenesis-2.5.1.jar:/home/ubuntu/.m2/repository/com/twitter/chill-java/0.9.3/chill-java-0.9.3.jar:/home/ubuntu/.m2/repository/org/apache/xbean/xbean-asm6-shaded/4.8/xbean-asm6-shaded-4.8.jar:/home/ubuntu/.m2/repository/org/apache/hadoop/hadoop-client/2.6.5/hadoop-client-2.6.5.jar:/home/ubuntu/.m2/repository/org/apache/hadoop/hadoop-common/2.6.5/hadoop-common-2.6.5.jar:/home/ubuntu/.m2/repository/xmlenc/xmlenc/0.52/xmlenc-0.52.jar:/home/ubuntu/.m2/repository/com/google/code/gson/gson/2.2.4/gson-2.2.4.jar:/home/ubuntu/.m2/repository/org/apache/hadoop/hadoop-auth/2.6.5/hadoop-auth-2.6.5.jar:/home/ubuntu/.m2/repository/org/apache/directory/server/apacheds-kerberos-codec/2.0.0-M15/apacheds-kerberos-codec-2.0.0-M15.jar:/home/ubuntu/.m2/repository/org/apache/directory/server/apacheds-i18n/2.0.0-M15/apacheds-i18n-2.0.0-M15.jar:/home/ubuntu/.m2/repository/org/apache/directory/api/api-asn1-api/1.0.0-M20/api-asn1-api-1.0.0-M20.jar:/home/ubuntu/.m2/repository/org/apache/directory/api/api-util/1.0.0-M20/api-util-1.0.0-M20.jar:/home/ubuntu/.m2/repository/org/apache/curator/curator-client/2.6.0/curator-client-2.6.0.jar:/home/ubuntu/.m2/repository/org/htrace/htrace-core/3.0.4/htrace-core-3.0.4.jar:/home/ubuntu/.m2/repository/org/apache/hadoop/hadoop-hdfs/2.6.5/hadoop-hdfs-2.6.5.jar:/home/ubuntu/.m2/repository/xerces/xercesImpl/2.9.1/xercesImpl-2.9.1.jar:/home/ubuntu/.m2/repository/xml-apis/xml-apis/1.3.04/xml-apis-1.3.04.jar:/home/ubuntu/.m2/repository/org/apache/hadoop/hadoop-mapreduce-client-app/2.6.5/hadoop-mapreduce-client-app-2.6.5.jar:/home/ubuntu/.m2/repository/org/apache/hadoop/hadoop-mapreduce-client-common/2.6.5/hadoop-mapreduce-client-common-2.6.5.jar:/home/ubuntu/.m2/repository/org/apache/hadoop/hadoop-yarn-client/2.6.5/hadoop-yarn-client-2.6.5.jar:/home/ubuntu/.m2/repository/org/apache/hadoop/hadoop-yarn-server-common/2.6.5/hadoop-yarn-server-common-2.6.5.jar:/home/ubuntu/.m2/repository/org/apache/hadoop/hadoop-mapreduce-client-shuffle/2.6.5/hadoop-mapreduce-client-shuffle-2.6.5.jar:/home/ubuntu/.m2/repository/org/apache/hadoop/hadoop-yarn-api/2.6.5/hadoop-yarn-api-2.6.5.jar:/home/ubuntu/.m2/repository/org/apache/hadoop/hadoop-mapreduce-client-core/2.6.5/hadoop-mapreduce-client-core-2.6.5.jar:/home/ubuntu/.m2/repository/org/apache/hadoop/hadoop-yarn-common/2.6.5/hadoop-yarn-common-2.6.5.jar:/home/ubuntu/.m2/repository/org/apache/hadoop/hadoop-mapreduce-client-jobclient/2.6.5/hadoop-mapreduce-client-jobclient-2.6.5.jar:/home/ubuntu/.m2/repository/org/apache/hadoop/hadoop-annotations/2.6.5/hadoop-annotations-2.6.5.jar:/home/ubuntu/.m2/repository/org/apache/spark/spark-launcher_2.12/2.4.4/spark-launcher_2.12-2.4.4.jar:/home/ubuntu/.m2/repository/org/apache/spark/spark-kvstore_2.12/2.4.4/spark-kvstore_2.12-2.4.4.jar:/home/ubuntu/.m2/repository/org/fusesource/leveldbjni/leveldbjni-all/1.8/leveldbjni-all-1.8.jar:/home/ubuntu/.m2/repository/com/fasterxml/jackson/core/jackson-core/2.6.7/jackson-core-2.6.7.jar:/home/ubuntu/.m2/repository/com/fasterxml/jackson/core/jackson-annotations/2.6.7/jackson-annotations-2.6.7.jar:/home/ubuntu/.m2/repository/org/apache/spark/spark-network-common_2.12/2.4.4/spark-network-common_2.12-2.4.4.jar:/home/ubuntu/.m2/repository/org/apache/spark/spark-network-shuffle_2.12/2.4.4/spark-network-shuffle_2.12-2.4.4.jar:/home/ubuntu/.m2/repository/org/apache/spark/spark-unsafe_2.12/2.4.4/spark-unsafe_2.12-2.4.4.jar:/home/ubuntu/.m2/repository/javax/activation/activation/1.1.1/activation-1.1.1.jar:/home/ubuntu/.m2/repository/org/apache/curator/curator-recipes/2.6.0/curator-recipes-2.6.0.jar:/home/ubuntu/.m2/repository/org/apache/curator/curator-framework/2.6.0/curator-framework-2.6.0.jar:/home/ubuntu/.m2/repository/org/apache/zookeeper/zookeeper/3.4.6/zookeeper-3.4.6.jar:/home/ubuntu/.m2/repository/javax/servlet/javax.servlet-api/3.1.0/javax.servlet-api-3.1.0.jar:/home/ubuntu/.m2/repository/org/apache/commons/commons-lang3/3.5/commons-lang3-3.5.jar:/home/ubuntu/.m2/repository/org/apache/commons/commons-math3/3.4.1/commons-math3-3.4.1.jar:/home/ubuntu/.m2/repository/com/google/code/findbugs/jsr305/1.3.9/jsr305-1.3.9.jar:/home/ubuntu/.m2/repository/org/slf4j/slf4j-api/1.7.16/slf4j-api-1.7.16.jar:/home/ubuntu/.m2/repository/org/slf4j/jul-to-slf4j/1.7.16/jul-to-slf4j-1.7.16.jar:/home/ubuntu/.m2/repository/org/slf4j/jcl-over-slf4j/1.7.16/jcl-over-slf4j-1.7.16.jar:/home/ubuntu/.m2/repository/log4j/log4j/1.2.17/log4j-1.2.17.jar:/home/ubuntu/.m2/repository/org/slf4j/slf4j-log4j12/1.7.16/slf4j-log4j12-1.7.16.jar:/home/ubuntu/.m2/repository/com/ning/compress-lzf/1.0.3/compress-lzf-1.0.3.jar:/home/ubuntu/.m2/repository/org/xerial/snappy/snappy-java/1.1.7.3/snappy-java-1.1.7.3.jar:/home/ubuntu/.m2/repository/org/lz4/lz4-java/1.4.0/lz4-java-1.4.0.jar:/home/ubuntu/.m2/repository/com/github/luben/zstd-jni/1.3.2-2/zstd-jni-1.3.2-2.jar:/home/ubuntu/.m2/repository/org/roaringbitmap/RoaringBitmap/0.7.45/RoaringBitmap-0.7.45.jar:/home/ubuntu/.m2/repository/org/roaringbitmap/shims/0.7.45/shims-0.7.45.jar:/home/ubuntu/.m2/repository/commons-net/commons-net/3.1/commons-net-3.1.jar:/home/ubuntu/.m2/repository/org/scala-lang/scala-library/2.12.8/scala-library-2.12.8.jar:/home/ubuntu/.m2/repository/org/json4s/json4s-jackson_2.12/3.5.3/json4s-jackson_2.12-3.5.3.jar:/home/ubuntu/.m2/repository/org/json4s/json4s-core_2.12/3.5.3/json4s-core_2.12-3.5.3.jar:/home/ubuntu/.m2/repository/org/json4s/json4s-ast_2.12/3.5.3/json4s-ast_2.12-3.5.3.jar:/home/ubuntu/.m2/repository/org/json4s/json4s-scalap_2.12/3.5.3/json4s-scalap_2.12-3.5.3.jar:/home/ubuntu/.m2/repository/org/scala-lang/modules/scala-xml_2.12/1.0.6/scala-xml_2.12-1.0.6.jar:/home/ubuntu/.m2/repository/org/glassfish/jersey/core/jersey-client/2.22.2/jersey-client-2.22.2.jar:/home/ubuntu/.m2/repository/javax/ws/rs/javax.ws.rs-api/2.0.1/javax.ws.rs-api-2.0.1.jar:/home/ubuntu/.m2/repository/org/glassfish/hk2/hk2-api/2.4.0-b34/hk2-api-2.4.0-b34.jar:/home/ubuntu/.m2/repository/org/glassfish/hk2/hk2-utils/2.4.0-b34/hk2-utils-2.4.0-b34.jar:/home/ubuntu/.m2/repository/org/glassfish/hk2/external/aopalliance-repackaged/2.4.0-b34/aopalliance-repackaged-2.4.0-b34.jar:/home/ubuntu/.m2/repository/org/glassfish/hk2/external/javax.inject/2.4.0-b34/javax.inject-2.4.0-b34.jar:/home/ubuntu/.m2/repository/org/glassfish/hk2/hk2-locator/2.4.0-b34/hk2-locator-2.4.0-b34.jar:/home/ubuntu/.m2/repository/org/javassist/javassist/3.18.1-GA/javassist-3.18.1-GA.jar:/home/ubuntu/.m2/repository/org/glassfish/jersey/core/jersey-common/2.22.2/jersey-common-2.22.2.jar:/home/ubuntu/.m2/repository/javax/annotation/javax.annotation-api/1.2/javax.annotation-api-1.2.jar:/home/ubuntu/.m2/repository/org/glassfish/jersey/bundles/repackaged/jersey-guava/2.22.2/jersey-guava-2.22.2.jar:/home/ubuntu/.m2/repository/org/glassfish/hk2/osgi-resource-locator/1.0.1/osgi-resource-locator-1.0.1.jar:/home/ubuntu/.m2/repository/org/glassfish/jersey/core/jersey-server/2.22.2/jersey-server-2.22.2.jar:/home/ubuntu/.m2/repository/org/glassfish/jersey/media/jersey-media-jaxb/2.22.2/jersey-media-jaxb-2.22.2.jar:/home/ubuntu/.m2/repository/javax/validation/validation-api/1.1.0.Final/validation-api-1.1.0.Final.jar:/home/ubuntu/.m2/repository/org/glassfish/jersey/containers/jersey-container-servlet/2.22.2/jersey-container-servlet-2.22.2.jar:/home/ubuntu/.m2/repository/org/glassfish/jersey/containers/jersey-container-servlet-core/2.22.2/jersey-container-servlet-core-2.22.2.jar:/home/ubuntu/.m2/repository/io/netty/netty-all/4.1.17.Final/netty-all-4.1.17.Final.jar:/home/ubuntu/.m2/repository/io/netty/netty/3.9.9.Final/netty-3.9.9.Final.jar:/home/ubuntu/.m2/repository/com/clearspring/analytics/stream/2.7.0/stream-2.7.0.jar:/home/ubuntu/.m2/repository/io/dropwizard/metrics/metrics-core/3.1.5/metrics-core-3.1.5.jar:/home/ubuntu/.m2/repository/io/dropwizard/metrics/metrics-jvm/3.1.5/metrics-jvm-3.1.5.jar:/home/ubuntu/.m2/repository/io/dropwizard/metrics/metrics-json/3.1.5/metrics-json-3.1.5.jar:/home/ubuntu/.m2/repository/io/dropwizard/metrics/metrics-graphite/3.1.5/metrics-graphite-3.1.5.jar:/home/ubuntu/.m2/repository/com/fasterxml/jackson/core/jackson-databind/2.6.7.1/jackson-databind-2.6.7.1.jar:/home/ubuntu/.m2/repository/com/fasterxml/jackson/module/jackson-module-scala_2.12/2.6.7.1/jackson-module-scala_2.12-2.6.7.1.jar:/home/ubuntu/.m2/repository/org/scala-lang/scala-reflect/2.12.1/scala-reflect-2.12.1.jar:/home/ubuntu/.m2/repository/com/fasterxml/jackson/module/jackson-module-paranamer/2.7.9/jackson-module-paranamer-2.7.9.jar:/home/ubuntu/.m2/repository/org/apache/ivy/ivy/2.4.0/ivy-2.4.0.jar:/home/ubuntu/.m2/repository/oro/oro/2.0.8/oro-2.0.8.jar:/home/ubuntu/.m2/repository/net/razorvine/pyrolite/4.13/pyrolite-4.13.jar:/home/ubuntu/.m2/repository/net/sf/py4j/py4j/0.10.7/py4j-0.10.7.jar:/home/ubuntu/.m2/repository/org/apache/spark/spark-tags_2.12/2.4.4/spark-tags_2.12-2.4.4.jar:/home/ubuntu/.m2/repository/org/apache/commons/commons-crypto/1.0.0/commons-crypto-1.0.0.jar:/home/ubuntu/.m2/repository/org/spark-project/spark/unused/1.0.0/unused-1.0.0.jar:/home/ubuntu/.m2/repository/org/apache/spark/spark-mllib_2.13/3.2.1/spark-mllib_2.13-3.2.1.jar:/home/ubuntu/.m2/repository/org/scala-lang/modules/scala-parser-combinators_2.13/1.1.2/scala-parser-combinators_2.13-1.1.2.jar:/home/ubuntu/.m2/repository/org/apache/spark/spark-core_2.13/3.2.1/spark-core_2.13-3.2.1.jar:/home/ubuntu/.m2/repository/org/apache/avro/avro-mapred/1.10.2/avro-mapred-1.10.2.jar:/home/ubuntu/.m2/repository/com/twitter/chill_2.13/0.10.0/chill_2.13-0.10.0.jar:/home/ubuntu/.m2/repository/org/apache/xbean/xbean-asm9-shaded/4.20/xbean-asm9-shaded-4.20.jar:/home/ubuntu/.m2/repository/org/apache/hadoop/hadoop-client-api/3.3.1/hadoop-client-api-3.3.1.jar:/home/ubuntu/.m2/repository/org/apache/hadoop/hadoop-client-runtime/3.3.1/hadoop-client-runtime-3.3.1.jar:/home/ubuntu/.m2/repository/org/apache/htrace/htrace-core4/4.1.0-incubating/htrace-core4-4.1.0-incubating.jar:/home/ubuntu/.m2/repository/commons-logging/commons-logging/1.1.3/commons-logging-1.1.3.jar:/home/ubuntu/.m2/repository/org/apache/spark/spark-launcher_2.13/3.2.1/spark-launcher_2.13-3.2.1.jar:/home/ubuntu/.m2/repository/org/apache/spark/spark-kvstore_2.13/3.2.1/spark-kvstore_2.13-3.2.1.jar:/home/ubuntu/.m2/repository/org/apache/spark/spark-network-common_2.13/3.2.1/spark-network-common_2.13-3.2.1.jar:/home/ubuntu/.m2/repository/com/google/crypto/tink/tink/1.6.0/tink-1.6.0.jar:/home/ubuntu/.m2/repository/org/apache/spark/spark-network-shuffle_2.13/3.2.1/spark-network-shuffle_2.13-3.2.1.jar:/home/ubuntu/.m2/repository/org/apache/spark/spark-unsafe_2.13/3.2.1/spark-unsafe_2.13-3.2.1.jar:/home/ubuntu/.m2/repository/jakarta/servlet/jakarta.servlet-api/4.0.3/jakarta.servlet-api-4.0.3.jar:/home/ubuntu/.m2/repository/org/apache/commons/commons-text/1.6/commons-text-1.6.jar:/home/ubuntu/.m2/repository/commons-collections/commons-collections/3.2.2/commons-collections-3.2.2.jar:/home/ubuntu/.m2/repository/org/scala-lang/modules/scala-xml_2.13/1.2.0/scala-xml_2.13-1.2.0.jar:/home/ubuntu/.m2/repository/org/json4s/json4s-jackson_2.13/3.7.0-M11/json4s-jackson_2.13-3.7.0-M11.jar:/home/ubuntu/.m2/repository/org/json4s/json4s-core_2.13/3.7.0-M11/json4s-core_2.13-3.7.0-M11.jar:/home/ubuntu/.m2/repository/org/json4s/json4s-ast_2.13/3.7.0-M11/json4s-ast_2.13-3.7.0-M11.jar:/home/ubuntu/.m2/repository/org/json4s/json4s-scalap_2.13/3.7.0-M11/json4s-scalap_2.13-3.7.0-M11.jar:/home/ubuntu/.m2/repository/org/glassfish/jersey/inject/jersey-hk2/2.34/jersey-hk2-2.34.jar:/home/ubuntu/.m2/repository/io/dropwizard/metrics/metrics-jmx/4.2.0/metrics-jmx-4.2.0.jar:/home/ubuntu/.m2/repository/com/fasterxml/jackson/module/jackson-module-scala_2.13/2.12.3/jackson-module-scala_2.13-2.12.3.jar:/home/ubuntu/.m2/repository/org/apache/spark/spark-streaming_2.13/3.2.1/spark-streaming_2.13-3.2.1.jar:/home/ubuntu/.m2/repository/org/apache/spark/spark-sql_2.13/3.2.1/spark-sql_2.13-3.2.1.jar:/home/ubuntu/.m2/repository/org/rocksdb/rocksdbjni/6.20.3/rocksdbjni-6.20.3.jar:/home/ubuntu/.m2/repository/org/apache/spark/spark-sketch_2.13/3.2.1/spark-sketch_2.13-3.2.1.jar:/home/ubuntu/.m2/repository/org/apache/spark/spark-catalyst_2.13/3.2.1/spark-catalyst_2.13-3.2.1.jar:/home/ubuntu/.m2/repository/org/apache/arrow/arrow-memory-netty/2.0.0/arrow-memory-netty-2.0.0.jar:/home/ubuntu/.m2/repository/org/apache/arrow/arrow-memory-core/2.0.0/arrow-memory-core-2.0.0.jar:/home/ubuntu/.m2/repository/org/apache/orc/orc-core/1.6.12/orc-core-1.6.12.jar:/home/ubuntu/.m2/repository/org/jetbrains/annotations/17.0.0/annotations-17.0.0.jar:/home/ubuntu/.m2/repository/org/threeten/threeten-extra/1.5.0/threeten-extra-1.5.0.jar:/home/ubuntu/.m2/repository/org/apache/orc/orc-mapreduce/1.6.12/orc-mapreduce-1.6.12.jar:/home/ubuntu/.m2/repository/org/apache/hive/hive-storage-api/2.7.2/hive-storage-api-2.7.2.jar:/home/ubuntu/.m2/repository/org/apache/spark/spark-graphx_2.13/3.2.1/spark-graphx_2.13-3.2.1.jar:/home/ubuntu/.m2/repository/net/sourceforge/f2j/arpack_combined_all/0.1/arpack_combined_all-0.1.jar:/home/ubuntu/.m2/repository/org/apache/spark/spark-mllib-local_2.13/3.2.1/spark-mllib-local_2.13-3.2.1.jar:/home/ubuntu/.m2/repository/org/scala-lang/modules/scala-parallel-collections_2.13/1.0.3/scala-parallel-collections_2.13-1.0.3.jar:/home/ubuntu/.m2/repository/org/scalanlp/breeze_2.13/1.2/breeze_2.13-1.2.jar:/home/ubuntu/.m2/repository/org/scalanlp/breeze-macros_2.13/1.2/breeze-macros_2.13-1.2.jar:/home/ubuntu/.m2/repository/com/github/fommil/netlib/core/1.1.2/core-1.1.2.jar:/home/ubuntu/.m2/repository/net/sf/opencsv/opencsv/2.3/opencsv-2.3.jar:/home/ubuntu/.m2/repository/com/github/wendykierp/JTransforms/3.1/JTransforms-3.1.jar:/home/ubuntu/.m2/repository/pl/edu/icm/JLargeArrays/1.5/JLargeArrays-1.5.jar:/home/ubuntu/.m2/repository/com/chuusai/shapeless_2.13/2.3.3/shapeless_2.13-2.3.3.jar:/home/ubuntu/.m2/repository/org/typelevel/spire_2.13/0.17.0/spire_2.13-0.17.0.jar:/home/ubuntu/.m2/repository/org/typelevel/spire-macros_2.13/0.17.0/spire-macros_2.13-0.17.0.jar:/home/ubuntu/.m2/repository/org/typelevel/spire-platform_2.13/0.17.0/spire-platform_2.13-0.17.0.jar:/home/ubuntu/.m2/repository/org/typelevel/spire-util_2.13/0.17.0/spire-util_2.13-0.17.0.jar:/home/ubuntu/.m2/repository/org/typelevel/algebra_2.13/2.0.1/algebra_2.13-2.0.1.jar:/home/ubuntu/.m2/repository/org/typelevel/cats-kernel_2.13/2.1.1/cats-kernel_2.13-2.1.1.jar:/home/ubuntu/.m2/repository/org/scala-lang/modules/scala-collection-compat_2.13/2.1.1/scala-collection-compat_2.13-2.1.1.jar:/home/ubuntu/.m2/repository/org/glassfish/jaxb/jaxb-runtime/2.3.2/jaxb-runtime-2.3.2.jar:/home/ubuntu/.m2/repository/jakarta/xml/bind/jakarta.xml.bind-api/2.3.2/jakarta.xml.bind-api-2.3.2.jar:/home/ubuntu/.m2/repository/com/sun/istack/istack-commons-runtime/3.0.8/istack-commons-runtime-3.0.8.jar:/home/ubuntu/.m2/repository/org/apache/spark/spark-tags_2.13/3.2.1/spark-tags_2.13-3.2.1.jar:/home/ubuntu/.m2/repository/dev/ludovic/netlib/blas/2.2.1/blas-2.2.1.jar:/home/ubuntu/.m2/repository/dev/ludovic/netlib/lapack/2.2.1/lapack-2.2.1.jar:/home/ubuntu/.m2/repository/dev/ludovic/netlib/arpack/2.2.1/arpack-2.2.1.jar:/home/ubuntu/.m2/repository/org/apache/spark/spark-sql_2.12/2.4.4/spark-sql_2.12-2.4.4.jar:/home/ubuntu/.m2/repository/com/univocity/univocity-parsers/2.7.3/univocity-parsers-2.7.3.jar:/home/ubuntu/.m2/repository/org/apache/spark/spark-sketch_2.12/2.4.4/spark-sketch_2.12-2.4.4.jar:/home/ubuntu/.m2/repository/org/apache/spark/spark-catalyst_2.12/2.4.4/spark-catalyst_2.12-2.4.4.jar:/home/ubuntu/.m2/repository/org/scala-lang/modules/scala-parser-combinators_2.12/1.1.0/scala-parser-combinators_2.12-1.1.0.jar:/home/ubuntu/.m2/repository/org/codehaus/janino/janino/3.0.9/janino-3.0.9.jar:/home/ubuntu/.m2/repository/org/codehaus/janino/commons-compiler/3.0.9/commons-compiler-3.0.9.jar:/home/ubuntu/.m2/repository/org/antlr/antlr4-runtime/4.7/antlr4-runtime-4.7.jar:/home/ubuntu/.m2/repository/org/apache/orc/orc-core/1.5.5/orc-core-1.5.5-nohive.jar:/home/ubuntu/.m2/repository/org/apache/orc/orc-shims/1.5.5/orc-shims-1.5.5.jar:/home/ubuntu/.m2/repository/io/airlift/aircompressor/0.10/aircompressor-0.10.jar:/home/ubuntu/.m2/repository/org/apache/orc/orc-mapreduce/1.5.5/orc-mapreduce-1.5.5-nohive.jar:/home/ubuntu/.m2/repository/org/apache/parquet/parquet-column/1.10.1/parquet-column-1.10.1.jar:/home/ubuntu/.m2/repository/org/apache/parquet/parquet-common/1.10.1/parquet-common-1.10.1.jar:/home/ubuntu/.m2/repository/org/apache/parquet/parquet-encoding/1.10.1/parquet-encoding-1.10.1.jar:/home/ubuntu/.m2/repository/org/apache/parquet/parquet-hadoop/1.10.1/parquet-hadoop-1.10.1.jar:/home/ubuntu/.m2/repository/org/apache/parquet/parquet-format/2.4.0/parquet-format-2.4.0.jar:/home/ubuntu/.m2/repository/org/apache/parquet/parquet-jackson/1.10.1/parquet-jackson-1.10.1.jar:/home/ubuntu/.m2/repository/org/apache/arrow/arrow-vector/0.10.0/arrow-vector-0.10.0.jar:/home/ubuntu/.m2/repository/org/apache/arrow/arrow-format/0.10.0/arrow-format-0.10.0.jar:/home/ubuntu/.m2/repository/org/apache/arrow/arrow-memory/0.10.0/arrow-memory-0.10.0.jar:/home/ubuntu/.m2/repository/joda-time/joda-time/2.9.9/joda-time-2.9.9.jar:/home/ubuntu/.m2/repository/com/carrotsearch/hppc/0.7.2/hppc-0.7.2.jar:/home/ubuntu/.m2/repository/com/vlkan/flatbuffers/1.2.0-3f79e055/flatbuffers-1.2.0-3f79e055.jar:"/>
    <property name="java.vm.vendor" value="Private Build"/>
    <property name="sun.arch.data.model" value="64"/>
    <property name="java.vendor.url" value="http://java.oracle.com/"/>
    <property name="user.timezone" value=""/>
    <property name="java.vm.specification.version" value="1.8"/>
    <property name="os.name" value="Linux"/>
    <property name="sun.java.launcher" value="SUN_STANDARD"/>
    <property name="sun.boot.library.path" value="/usr/lib/jvm/java-8-openjdk-amd64/jre/lib/amd64"/>
    <property name="sun.java.command" value="/home/ubuntu/WinePredict/target/surefire/surefirebooter2207977482360049940.jar /home/ubuntu/WinePredict/target/surefire 2022-04-24T03-16-38_586-jvmRun1 surefire1929468768915255306tmp surefire_04332134797612017325tmp"/>
    <property name="surefire.test.class.path" value="/home/ubuntu/WinePredict/target/test-classes:/home/ubuntu/WinePredict/target/classes:/home/ubuntu/.m2/repository/junit/junit/4.11/junit-4.11.jar:/home/ubuntu/.m2/repository/org/hamcrest/hamcrest-core/1.3/hamcrest-core-1.3.jar:/home/ubuntu/.m2/repository/org/apache/spark/spark-examples_2.10/1.1.1/spark-examples_2.10-1.1.1.jar:/home/ubuntu/.m2/repository/org/apache/spark/spark-streaming-twitter_2.10/1.1.1/spark-streaming-twitter_2.10-1.1.1.jar:/home/ubuntu/.m2/repository/org/apache/spark/spark-streaming_2.10/1.1.1/spark-streaming_2.10-1.1.1.jar:/home/ubuntu/.m2/repository/org/apache/spark/spark-core_2.10/1.1.1/spark-core_2.10-1.1.1.jar:/home/ubuntu/.m2/repository/net/java/dev/jets3t/jets3t/0.7.1/jets3t-0.7.1.jar:/home/ubuntu/.m2/repository/org/eclipse/jetty/jetty-plus/8.1.14.v20131031/jetty-plus-8.1.14.v20131031.jar:/home/ubuntu/.m2/repository/org/eclipse/jetty/orbit/javax.transaction/1.1.1.v201105210645/javax.transaction-1.1.1.v201105210645.jar:/home/ubuntu/.m2/repository/org/eclipse/jetty/jetty-webapp/8.1.14.v20131031/jetty-webapp-8.1.14.v20131031.jar:/home/ubuntu/.m2/repository/org/eclipse/jetty/jetty-xml/8.1.14.v20131031/jetty-xml-8.1.14.v20131031.jar:/home/ubuntu/.m2/repository/org/eclipse/jetty/jetty-servlet/8.1.14.v20131031/jetty-servlet-8.1.14.v20131031.jar:/home/ubuntu/.m2/repository/org/eclipse/jetty/jetty-jndi/8.1.14.v20131031/jetty-jndi-8.1.14.v20131031.jar:/home/ubuntu/.m2/repository/org/eclipse/jetty/orbit/javax.mail.glassfish/1.4.1.v201005082020/javax.mail.glassfish-1.4.1.v201005082020.jar:/home/ubuntu/.m2/repository/org/eclipse/jetty/orbit/javax.activation/1.1.0.v201105071233/javax.activation-1.1.0.v201105071233.jar:/home/ubuntu/.m2/repository/org/eclipse/jetty/jetty-security/8.1.14.v20131031/jetty-security-8.1.14.v20131031.jar:/home/ubuntu/.m2/repository/org/eclipse/jetty/jetty-util/8.1.14.v20131031/jetty-util-8.1.14.v20131031.jar:/home/ubuntu/.m2/repository/com/twitter/chill_2.10/0.3.6/chill_2.10-0.3.6.jar:/home/ubuntu/.m2/repository/com/esotericsoftware/kryo/kryo/2.21/kryo-2.21.jar:/home/ubuntu/.m2/repository/com/esotericsoftware/reflectasm/reflectasm/1.07/reflectasm-1.07-shaded.jar:/home/ubuntu/.m2/repository/com/esotericsoftware/minlog/minlog/1.2/minlog-1.2.jar:/home/ubuntu/.m2/repository/org/spark-project/akka/akka-remote_2.10/2.2.3-shaded-protobuf/akka-remote_2.10-2.2.3-shaded-protobuf.jar:/home/ubuntu/.m2/repository/org/uncommons/maths/uncommons-maths/1.2.2a/uncommons-maths-1.2.2a.jar:/home/ubuntu/.m2/repository/org/spark-project/akka/akka-slf4j_2.10/2.2.3-shaded-protobuf/akka-slf4j_2.10-2.2.3-shaded-protobuf.jar:/home/ubuntu/.m2/repository/org/json4s/json4s-jackson_2.10/3.2.10/json4s-jackson_2.10-3.2.10.jar:/home/ubuntu/.m2/repository/org/json4s/json4s-core_2.10/3.2.10/json4s-core_2.10-3.2.10.jar:/home/ubuntu/.m2/repository/org/json4s/json4s-ast_2.10/3.2.10/json4s-ast_2.10-3.2.10.jar:/home/ubuntu/.m2/repository/org/scala-lang/scalap/2.10.0/scalap-2.10.0.jar:/home/ubuntu/.m2/repository/colt/colt/1.2.0/colt-1.2.0.jar:/home/ubuntu/.m2/repository/concurrent/concurrent/1.3.4/concurrent-1.3.4.jar:/home/ubuntu/.m2/repository/org/apache/mesos/mesos/0.18.1/mesos-0.18.1-shaded-protobuf.jar:/home/ubuntu/.m2/repository/com/codahale/metrics/metrics-core/3.0.0/metrics-core-3.0.0.jar:/home/ubuntu/.m2/repository/com/codahale/metrics/metrics-jvm/3.0.0/metrics-jvm-3.0.0.jar:/home/ubuntu/.m2/repository/com/codahale/metrics/metrics-json/3.0.0/metrics-json-3.0.0.jar:/home/ubuntu/.m2/repository/com/codahale/metrics/metrics-graphite/3.0.0/metrics-graphite-3.0.0.jar:/home/ubuntu/.m2/repository/org/tachyonproject/tachyon-client/0.5.0/tachyon-client-0.5.0.jar:/home/ubuntu/.m2/repository/org/tachyonproject/tachyon/0.5.0/tachyon-0.5.0.jar:/home/ubuntu/.m2/repository/org/spark-project/pyrolite/2.0.1/pyrolite-2.0.1.jar:/home/ubuntu/.m2/repository/org/twitter4j/twitter4j-stream/3.0.3/twitter4j-stream-3.0.3.jar:/home/ubuntu/.m2/repository/org/twitter4j/twitter4j-core/3.0.3/twitter4j-core-3.0.3.jar:/home/ubuntu/.m2/repository/org/apache/spark/spark-streaming-kafka_2.10/1.1.1/spark-streaming-kafka_2.10-1.1.1.jar:/home/ubuntu/.m2/repository/org/apache/kafka/kafka_2.10/0.8.0/kafka_2.10-0.8.0.jar:/home/ubuntu/.m2/repository/org/scala-lang/scala-compiler/2.10.1/scala-compiler-2.10.1.jar:/home/ubuntu/.m2/repository/com/101tec/zkclient/0.3/zkclient-0.3.jar:/home/ubuntu/.m2/repository/com/yammer/metrics/metrics-annotation/2.2.0/metrics-annotation-2.2.0.jar:/home/ubuntu/.m2/repository/org/apache/spark/spark-streaming-flume_2.10/1.1.1/spark-streaming-flume_2.10-1.1.1.jar:/home/ubuntu/.m2/repository/org/apache/spark/spark-streaming-flume-sink_2.10/1.1.1/spark-streaming-flume-sink_2.10-1.1.1.jar:/home/ubuntu/.m2/repository/org/apache/flume/flume-ng-core/1.4.0/flume-ng-core-1.4.0.jar:/home/ubuntu/.m2/repository/org/apache/flume/flume-ng-configuration/1.4.0/flume-ng-configuration-1.4.0.jar:/home/ubuntu/.m2/repository/org/mortbay/jetty/servlet-api/2.5-20110124/servlet-api-2.5-20110124.jar:/home/ubuntu/.m2/repository/org/apache/mina/mina-core/2.0.4/mina-core-2.0.4.jar:/home/ubuntu/.m2/repository/org/apache/flume/flume-ng-sdk/1.4.0/flume-ng-sdk-1.4.0.jar:/home/ubuntu/.m2/repository/org/apache/spark/spark-streaming-zeromq_2.10/1.1.1/spark-streaming-zeromq_2.10-1.1.1.jar:/home/ubuntu/.m2/repository/org/spark-project/akka/akka-zeromq_2.10/2.2.3-shaded-protobuf/akka-zeromq_2.10-2.2.3-shaded-protobuf.jar:/home/ubuntu/.m2/repository/org/spark-project/akka/akka-actor_2.10/2.2.3-shaded-protobuf/akka-actor_2.10-2.2.3-shaded-protobuf.jar:/home/ubuntu/.m2/repository/com/typesafe/config/1.0.2/config-1.0.2.jar:/home/ubuntu/.m2/repository/org/spark-project/protobuf/protobuf-java/2.4.1-shaded/protobuf-java-2.4.1-shaded.jar:/home/ubuntu/.m2/repository/org/zeromq/zeromq-scala-binding_2.10/0.0.7/zeromq-scala-binding_2.10-0.0.7.jar:/home/ubuntu/.m2/repository/net/java/dev/jna/jna/3.0.9/jna-3.0.9.jar:/home/ubuntu/.m2/repository/com/github/jnr/jnr-constants/0.8.2/jnr-constants-0.8.2.jar:/home/ubuntu/.m2/repository/org/apache/spark/spark-streaming-mqtt_2.10/1.1.1/spark-streaming-mqtt_2.10-1.1.1.jar:/home/ubuntu/.m2/repository/org/eclipse/paho/mqtt-client/0.4.0/mqtt-client-0.4.0.jar:/home/ubuntu/.m2/repository/org/apache/hbase/hbase/0.94.6/hbase-0.94.6.jar:/home/ubuntu/.m2/repository/com/yammer/metrics/metrics-core/2.1.2/metrics-core-2.1.2.jar:/home/ubuntu/.m2/repository/com/google/guava/guava/11.0.2/guava-11.0.2.jar:/home/ubuntu/.m2/repository/commons-cli/commons-cli/1.2/commons-cli-1.2.jar:/home/ubuntu/.m2/repository/commons-configuration/commons-configuration/1.6/commons-configuration-1.6.jar:/home/ubuntu/.m2/repository/commons-digester/commons-digester/1.8/commons-digester-1.8.jar:/home/ubuntu/.m2/repository/commons-beanutils/commons-beanutils/1.7.0/commons-beanutils-1.7.0.jar:/home/ubuntu/.m2/repository/commons-beanutils/commons-beanutils-core/1.8.0/commons-beanutils-core-1.8.0.jar:/home/ubuntu/.m2/repository/com/github/stephenc/high-scale-lib/high-scale-lib/1.1.1/high-scale-lib-1.1.1.jar:/home/ubuntu/.m2/repository/commons-codec/commons-codec/1.4/commons-codec-1.4.jar:/home/ubuntu/.m2/repository/commons-httpclient/commons-httpclient/3.1/commons-httpclient-3.1.jar:/home/ubuntu/.m2/repository/commons-io/commons-io/2.1/commons-io-2.1.jar:/home/ubuntu/.m2/repository/commons-lang/commons-lang/2.5/commons-lang-2.5.jar:/home/ubuntu/.m2/repository/org/apache/avro/avro-ipc/1.5.3/avro-ipc-1.5.3.jar:/home/ubuntu/.m2/repository/org/apache/velocity/velocity/1.7/velocity-1.7.jar:/home/ubuntu/.m2/repository/org/apache/thrift/libthrift/0.8.0/libthrift-0.8.0.jar:/home/ubuntu/.m2/repository/org/apache/httpcomponents/httpclient/4.1.2/httpclient-4.1.2.jar:/home/ubuntu/.m2/repository/org/apache/httpcomponents/httpcore/4.1.3/httpcore-4.1.3.jar:/home/ubuntu/.m2/repository/org/mortbay/jetty/jetty/6.1.26/jetty-6.1.26.jar:/home/ubuntu/.m2/repository/org/mortbay/jetty/jetty-util/6.1.26/jetty-util-6.1.26.jar:/home/ubuntu/.m2/repository/org/mortbay/jetty/jsp-2.1/6.1.14/jsp-2.1-6.1.14.jar:/home/ubuntu/.m2/repository/org/eclipse/jdt/core/3.1.1/core-3.1.1.jar:/home/ubuntu/.m2/repository/org/mortbay/jetty/jsp-api-2.1/6.1.14/jsp-api-2.1-6.1.14.jar:/home/ubuntu/.m2/repository/org/mortbay/jetty/servlet-api-2.5/6.1.14/servlet-api-2.5-6.1.14.jar:/home/ubuntu/.m2/repository/org/codehaus/jackson/jackson-core-asl/1.8.8/jackson-core-asl-1.8.8.jar:/home/ubuntu/.m2/repository/org/codehaus/jackson/jackson-mapper-asl/1.8.8/jackson-mapper-asl-1.8.8.jar:/home/ubuntu/.m2/repository/org/codehaus/jackson/jackson-jaxrs/1.8.8/jackson-jaxrs-1.8.8.jar:/home/ubuntu/.m2/repository/org/codehaus/jackson/jackson-xc/1.8.8/jackson-xc-1.8.8.jar:/home/ubuntu/.m2/repository/tomcat/jasper-compiler/5.5.23/jasper-compiler-5.5.23.jar:/home/ubuntu/.m2/repository/tomcat/jasper-runtime/5.5.23/jasper-runtime-5.5.23.jar:/home/ubuntu/.m2/repository/commons-el/commons-el/1.0/commons-el-1.0.jar:/home/ubuntu/.m2/repository/org/jamon/jamon-runtime/2.3.1/jamon-runtime-2.3.1.jar:/home/ubuntu/.m2/repository/com/google/protobuf/protobuf-java/2.4.0a/protobuf-java-2.4.0a.jar:/home/ubuntu/.m2/repository/com/sun/jersey/jersey-core/1.8/jersey-core-1.8.jar:/home/ubuntu/.m2/repository/com/sun/jersey/jersey-json/1.8/jersey-json-1.8.jar:/home/ubuntu/.m2/repository/org/codehaus/jettison/jettison/1.1/jettison-1.1.jar:/home/ubuntu/.m2/repository/com/sun/xml/bind/jaxb-impl/2.2.3-1/jaxb-impl-2.2.3-1.jar:/home/ubuntu/.m2/repository/com/sun/jersey/jersey-server/1.8/jersey-server-1.8.jar:/home/ubuntu/.m2/repository/javax/xml/bind/jaxb-api/2.1/jaxb-api-2.1.jar:/home/ubuntu/.m2/repository/stax/stax-api/1.0.1/stax-api-1.0.1.jar:/home/ubuntu/.m2/repository/org/eclipse/jetty/jetty-server/8.1.14.v20131031/jetty-server-8.1.14.v20131031.jar:/home/ubuntu/.m2/repository/org/eclipse/jetty/orbit/javax.servlet/3.0.0.v201112011016/javax.servlet-3.0.0.v201112011016.jar:/home/ubuntu/.m2/repository/org/eclipse/jetty/jetty-continuation/8.1.14.v20131031/jetty-continuation-8.1.14.v20131031.jar:/home/ubuntu/.m2/repository/org/eclipse/jetty/jetty-http/8.1.14.v20131031/jetty-http-8.1.14.v20131031.jar:/home/ubuntu/.m2/repository/org/eclipse/jetty/jetty-io/8.1.14.v20131031/jetty-io-8.1.14.v20131031.jar:/home/ubuntu/.m2/repository/com/twitter/algebird-core_2.10/0.1.11/algebird-core_2.10-0.1.11.jar:/home/ubuntu/.m2/repository/com/googlecode/javaewah/JavaEWAH/0.6.6/JavaEWAH-0.6.6.jar:/home/ubuntu/.m2/repository/org/apache/cassandra/cassandra-all/1.2.6/cassandra-all-1.2.6.jar:/home/ubuntu/.m2/repository/net/jpountz/lz4/lz4/1.1.0/lz4-1.1.0.jar:/home/ubuntu/.m2/repository/org/antlr/antlr/3.2/antlr-3.2.jar:/home/ubuntu/.m2/repository/org/antlr/antlr-runtime/3.2/antlr-runtime-3.2.jar:/home/ubuntu/.m2/repository/org/antlr/stringtemplate/3.2/stringtemplate-3.2.jar:/home/ubuntu/.m2/repository/antlr/antlr/2.7.7/antlr-2.7.7.jar:/home/ubuntu/.m2/repository/com/googlecode/json-simple/json-simple/1.1/json-simple-1.1.jar:/home/ubuntu/.m2/repository/org/yaml/snakeyaml/1.6/snakeyaml-1.6.jar:/home/ubuntu/.m2/repository/edu/stanford/ppl/snaptree/0.1/snaptree-0.1.jar:/home/ubuntu/.m2/repository/org/mindrot/jbcrypt/0.3m/jbcrypt-0.3m.jar:/home/ubuntu/.m2/repository/org/apache/cassandra/cassandra-thrift/1.2.6/cassandra-thrift-1.2.6.jar:/home/ubuntu/.m2/repository/com/github/stephenc/jamm/0.2.5/jamm-0.2.5.jar:/home/ubuntu/.m2/repository/com/github/scopt/scopt_2.10/3.2.0/scopt_2.10-3.2.0.jar:/home/ubuntu/.m2/repository/org/apache/spark/spark-core_2.12/2.4.4/spark-core_2.12-2.4.4.jar:/home/ubuntu/.m2/repository/com/thoughtworks/paranamer/paranamer/2.8/paranamer-2.8.jar:/home/ubuntu/.m2/repository/org/apache/avro/avro/1.8.2/avro-1.8.2.jar:/home/ubuntu/.m2/repository/org/apache/commons/commons-compress/1.8.1/commons-compress-1.8.1.jar:/home/ubuntu/.m2/repository/org/tukaani/xz/1.5/xz-1.5.jar:/home/ubuntu/.m2/repository/org/apache/avro/avro-mapred/1.8.2/avro-mapred-1.8.2-hadoop2.jar:/home/ubuntu/.m2/repository/com/twitter/chill_2.12/0.9.3/chill_2.12-0.9.3.jar:/home/ubuntu/.m2/repository/com/esotericsoftware/kryo-shaded/4.0.2/kryo-shaded-4.0.2.jar:/home/ubuntu/.m2/repository/com/esotericsoftware/minlog/1.3.0/minlog-1.3.0.jar:/home/ubuntu/.m2/repository/org/objenesis/objenesis/2.5.1/objenesis-2.5.1.jar:/home/ubuntu/.m2/repository/com/twitter/chill-java/0.9.3/chill-java-0.9.3.jar:/home/ubuntu/.m2/repository/org/apache/xbean/xbean-asm6-shaded/4.8/xbean-asm6-shaded-4.8.jar:/home/ubuntu/.m2/repository/org/apache/hadoop/hadoop-client/2.6.5/hadoop-client-2.6.5.jar:/home/ubuntu/.m2/repository/org/apache/hadoop/hadoop-common/2.6.5/hadoop-common-2.6.5.jar:/home/ubuntu/.m2/repository/xmlenc/xmlenc/0.52/xmlenc-0.52.jar:/home/ubuntu/.m2/repository/com/google/code/gson/gson/2.2.4/gson-2.2.4.jar:/home/ubuntu/.m2/repository/org/apache/hadoop/hadoop-auth/2.6.5/hadoop-auth-2.6.5.jar:/home/ubuntu/.m2/repository/org/apache/directory/server/apacheds-kerberos-codec/2.0.0-M15/apacheds-kerberos-codec-2.0.0-M15.jar:/home/ubuntu/.m2/repository/org/apache/directory/server/apacheds-i18n/2.0.0-M15/apacheds-i18n-2.0.0-M15.jar:/home/ubuntu/.m2/repository/org/apache/directory/api/api-asn1-api/1.0.0-M20/api-asn1-api-1.0.0-M20.jar:/home/ubuntu/.m2/repository/org/apache/directory/api/api-util/1.0.0-M20/api-util-1.0.0-M20.jar:/home/ubuntu/.m2/repository/org/apache/curator/curator-client/2.6.0/curator-client-2.6.0.jar:/home/ubuntu/.m2/repository/org/htrace/htrace-core/3.0.4/htrace-core-3.0.4.jar:/home/ubuntu/.m2/repository/org/apache/hadoop/hadoop-hdfs/2.6.5/hadoop-hdfs-2.6.5.jar:/home/ubuntu/.m2/repository/xerces/xercesImpl/2.9.1/xercesImpl-2.9.1.jar:/home/ubuntu/.m2/repository/xml-apis/xml-apis/1.3.04/xml-apis-1.3.04.jar:/home/ubuntu/.m2/repository/org/apache/hadoop/hadoop-mapreduce-client-app/2.6.5/hadoop-mapreduce-client-app-2.6.5.jar:/home/ubuntu/.m2/repository/org/apache/hadoop/hadoop-mapreduce-client-common/2.6.5/hadoop-mapreduce-client-common-2.6.5.jar:/home/ubuntu/.m2/repository/org/apache/hadoop/hadoop-yarn-client/2.6.5/hadoop-yarn-client-2.6.5.jar:/home/ubuntu/.m2/repository/org/apache/hadoop/hadoop-yarn-server-common/2.6.5/hadoop-yarn-server-common-2.6.5.jar:/home/ubuntu/.m2/repository/org/apache/hadoop/hadoop-mapreduce-client-shuffle/2.6.5/hadoop-mapreduce-client-shuffle-2.6.5.jar:/home/ubuntu/.m2/repository/org/apache/hadoop/hadoop-yarn-api/2.6.5/hadoop-yarn-api-2.6.5.jar:/home/ubuntu/.m2/repository/org/apache/hadoop/hadoop-mapreduce-client-core/2.6.5/hadoop-mapreduce-client-core-2.6.5.jar:/home/ubuntu/.m2/repository/org/apache/hadoop/hadoop-yarn-common/2.6.5/hadoop-yarn-common-2.6.5.jar:/home/ubuntu/.m2/repository/org/apache/hadoop/hadoop-mapreduce-client-jobclient/2.6.5/hadoop-mapreduce-client-jobclient-2.6.5.jar:/home/ubuntu/.m2/repository/org/apache/hadoop/hadoop-annotations/2.6.5/hadoop-annotations-2.6.5.jar:/home/ubuntu/.m2/repository/org/apache/spark/spark-launcher_2.12/2.4.4/spark-launcher_2.12-2.4.4.jar:/home/ubuntu/.m2/repository/org/apache/spark/spark-kvstore_2.12/2.4.4/spark-kvstore_2.12-2.4.4.jar:/home/ubuntu/.m2/repository/org/fusesource/leveldbjni/leveldbjni-all/1.8/leveldbjni-all-1.8.jar:/home/ubuntu/.m2/repository/com/fasterxml/jackson/core/jackson-core/2.6.7/jackson-core-2.6.7.jar:/home/ubuntu/.m2/repository/com/fasterxml/jackson/core/jackson-annotations/2.6.7/jackson-annotations-2.6.7.jar:/home/ubuntu/.m2/repository/org/apache/spark/spark-network-common_2.12/2.4.4/spark-network-common_2.12-2.4.4.jar:/home/ubuntu/.m2/repository/org/apache/spark/spark-network-shuffle_2.12/2.4.4/spark-network-shuffle_2.12-2.4.4.jar:/home/ubuntu/.m2/repository/org/apache/spark/spark-unsafe_2.12/2.4.4/spark-unsafe_2.12-2.4.4.jar:/home/ubuntu/.m2/repository/javax/activation/activation/1.1.1/activation-1.1.1.jar:/home/ubuntu/.m2/repository/org/apache/curator/curator-recipes/2.6.0/curator-recipes-2.6.0.jar:/home/ubuntu/.m2/repository/org/apache/curator/curator-framework/2.6.0/curator-framework-2.6.0.jar:/home/ubuntu/.m2/repository/org/apache/zookeeper/zookeeper/3.4.6/zookeeper-3.4.6.jar:/home/ubuntu/.m2/repository/javax/servlet/javax.servlet-api/3.1.0/javax.servlet-api-3.1.0.jar:/home/ubuntu/.m2/repository/org/apache/commons/commons-lang3/3.5/commons-lang3-3.5.jar:/home/ubuntu/.m2/repository/org/apache/commons/commons-math3/3.4.1/commons-math3-3.4.1.jar:/home/ubuntu/.m2/repository/com/google/code/findbugs/jsr305/1.3.9/jsr305-1.3.9.jar:/home/ubuntu/.m2/repository/org/slf4j/slf4j-api/1.7.16/slf4j-api-1.7.16.jar:/home/ubuntu/.m2/repository/org/slf4j/jul-to-slf4j/1.7.16/jul-to-slf4j-1.7.16.jar:/home/ubuntu/.m2/repository/org/slf4j/jcl-over-slf4j/1.7.16/jcl-over-slf4j-1.7.16.jar:/home/ubuntu/.m2/repository/log4j/log4j/1.2.17/log4j-1.2.17.jar:/home/ubuntu/.m2/repository/org/slf4j/slf4j-log4j12/1.7.16/slf4j-log4j12-1.7.16.jar:/home/ubuntu/.m2/repository/com/ning/compress-lzf/1.0.3/compress-lzf-1.0.3.jar:/home/ubuntu/.m2/repository/org/xerial/snappy/snappy-java/1.1.7.3/snappy-java-1.1.7.3.jar:/home/ubuntu/.m2/repository/org/lz4/lz4-java/1.4.0/lz4-java-1.4.0.jar:/home/ubuntu/.m2/repository/com/github/luben/zstd-jni/1.3.2-2/zstd-jni-1.3.2-2.jar:/home/ubuntu/.m2/repository/org/roaringbitmap/RoaringBitmap/0.7.45/RoaringBitmap-0.7.45.jar:/home/ubuntu/.m2/repository/org/roaringbitmap/shims/0.7.45/shims-0.7.45.jar:/home/ubuntu/.m2/repository/commons-net/commons-net/3.1/commons-net-3.1.jar:/home/ubuntu/.m2/repository/org/scala-lang/scala-library/2.12.8/scala-library-2.12.8.jar:/home/ubuntu/.m2/repository/org/json4s/json4s-jackson_2.12/3.5.3/json4s-jackson_2.12-3.5.3.jar:/home/ubuntu/.m2/repository/org/json4s/json4s-core_2.12/3.5.3/json4s-core_2.12-3.5.3.jar:/home/ubuntu/.m2/repository/org/json4s/json4s-ast_2.12/3.5.3/json4s-ast_2.12-3.5.3.jar:/home/ubuntu/.m2/repository/org/json4s/json4s-scalap_2.12/3.5.3/json4s-scalap_2.12-3.5.3.jar:/home/ubuntu/.m2/repository/org/scala-lang/modules/scala-xml_2.12/1.0.6/scala-xml_2.12-1.0.6.jar:/home/ubuntu/.m2/repository/org/glassfish/jersey/core/jersey-client/2.22.2/jersey-client-2.22.2.jar:/home/ubuntu/.m2/repository/javax/ws/rs/javax.ws.rs-api/2.0.1/javax.ws.rs-api-2.0.1.jar:/home/ubuntu/.m2/repository/org/glassfish/hk2/hk2-api/2.4.0-b34/hk2-api-2.4.0-b34.jar:/home/ubuntu/.m2/repository/org/glassfish/hk2/hk2-utils/2.4.0-b34/hk2-utils-2.4.0-b34.jar:/home/ubuntu/.m2/repository/org/glassfish/hk2/external/aopalliance-repackaged/2.4.0-b34/aopalliance-repackaged-2.4.0-b34.jar:/home/ubuntu/.m2/repository/org/glassfish/hk2/external/javax.inject/2.4.0-b34/javax.inject-2.4.0-b34.jar:/home/ubuntu/.m2/repository/org/glassfish/hk2/hk2-locator/2.4.0-b34/hk2-locator-2.4.0-b34.jar:/home/ubuntu/.m2/repository/org/javassist/javassist/3.18.1-GA/javassist-3.18.1-GA.jar:/home/ubuntu/.m2/repository/org/glassfish/jersey/core/jersey-common/2.22.2/jersey-common-2.22.2.jar:/home/ubuntu/.m2/repository/javax/annotation/javax.annotation-api/1.2/javax.annotation-api-1.2.jar:/home/ubuntu/.m2/repository/org/glassfish/jersey/bundles/repackaged/jersey-guava/2.22.2/jersey-guava-2.22.2.jar:/home/ubuntu/.m2/repository/org/glassfish/hk2/osgi-resource-locator/1.0.1/osgi-resource-locator-1.0.1.jar:/home/ubuntu/.m2/repository/org/glassfish/jersey/core/jersey-server/2.22.2/jersey-server-2.22.2.jar:/home/ubuntu/.m2/repository/org/glassfish/jersey/media/jersey-media-jaxb/2.22.2/jersey-media-jaxb-2.22.2.jar:/home/ubuntu/.m2/repository/javax/validation/validation-api/1.1.0.Final/validation-api-1.1.0.Final.jar:/home/ubuntu/.m2/repository/org/glassfish/jersey/containers/jersey-container-servlet/2.22.2/jersey-container-servlet-2.22.2.jar:/home/ubuntu/.m2/repository/org/glassfish/jersey/containers/jersey-container-servlet-core/2.22.2/jersey-container-servlet-core-2.22.2.jar:/home/ubuntu/.m2/repository/io/netty/netty-all/4.1.17.Final/netty-all-4.1.17.Final.jar:/home/ubuntu/.m2/repository/io/netty/netty/3.9.9.Final/netty-3.9.9.Final.jar:/home/ubuntu/.m2/repository/com/clearspring/analytics/stream/2.7.0/stream-2.7.0.jar:/home/ubuntu/.m2/repository/io/dropwizard/metrics/metrics-core/3.1.5/metrics-core-3.1.5.jar:/home/ubuntu/.m2/repository/io/dropwizard/metrics/metrics-jvm/3.1.5/metrics-jvm-3.1.5.jar:/home/ubuntu/.m2/repository/io/dropwizard/metrics/metrics-json/3.1.5/metrics-json-3.1.5.jar:/home/ubuntu/.m2/repository/io/dropwizard/metrics/metrics-graphite/3.1.5/metrics-graphite-3.1.5.jar:/home/ubuntu/.m2/repository/com/fasterxml/jackson/core/jackson-databind/2.6.7.1/jackson-databind-2.6.7.1.jar:/home/ubuntu/.m2/repository/com/fasterxml/jackson/module/jackson-module-scala_2.12/2.6.7.1/jackson-module-scala_2.12-2.6.7.1.jar:/home/ubuntu/.m2/repository/org/scala-lang/scala-reflect/2.12.1/scala-reflect-2.12.1.jar:/home/ubuntu/.m2/repository/com/fasterxml/jackson/module/jackson-module-paranamer/2.7.9/jackson-module-paranamer-2.7.9.jar:/home/ubuntu/.m2/repository/org/apache/ivy/ivy/2.4.0/ivy-2.4.0.jar:/home/ubuntu/.m2/repository/oro/oro/2.0.8/oro-2.0.8.jar:/home/ubuntu/.m2/repository/net/razorvine/pyrolite/4.13/pyrolite-4.13.jar:/home/ubuntu/.m2/repository/net/sf/py4j/py4j/0.10.7/py4j-0.10.7.jar:/home/ubuntu/.m2/repository/org/apache/spark/spark-tags_2.12/2.4.4/spark-tags_2.12-2.4.4.jar:/home/ubuntu/.m2/repository/org/apache/commons/commons-crypto/1.0.0/commons-crypto-1.0.0.jar:/home/ubuntu/.m2/repository/org/spark-project/spark/unused/1.0.0/unused-1.0.0.jar:/home/ubuntu/.m2/repository/org/apache/spark/spark-mllib_2.13/3.2.1/spark-mllib_2.13-3.2.1.jar:/home/ubuntu/.m2/repository/org/scala-lang/modules/scala-parser-combinators_2.13/1.1.2/scala-parser-combinators_2.13-1.1.2.jar:/home/ubuntu/.m2/repository/org/apache/spark/spark-core_2.13/3.2.1/spark-core_2.13-3.2.1.jar:/home/ubuntu/.m2/repository/org/apache/avro/avro-mapred/1.10.2/avro-mapred-1.10.2.jar:/home/ubuntu/.m2/repository/com/twitter/chill_2.13/0.10.0/chill_2.13-0.10.0.jar:/home/ubuntu/.m2/repository/org/apache/xbean/xbean-asm9-shaded/4.20/xbean-asm9-shaded-4.20.jar:/home/ubuntu/.m2/repository/org/apache/hadoop/hadoop-client-api/3.3.1/hadoop-client-api-3.3.1.jar:/home/ubuntu/.m2/repository/org/apache/hadoop/hadoop-client-runtime/3.3.1/hadoop-client-runtime-3.3.1.jar:/home/ubuntu/.m2/repository/org/apache/htrace/htrace-core4/4.1.0-incubating/htrace-core4-4.1.0-incubating.jar:/home/ubuntu/.m2/repository/commons-logging/commons-logging/1.1.3/commons-logging-1.1.3.jar:/home/ubuntu/.m2/repository/org/apache/spark/spark-launcher_2.13/3.2.1/spark-launcher_2.13-3.2.1.jar:/home/ubuntu/.m2/repository/org/apache/spark/spark-kvstore_2.13/3.2.1/spark-kvstore_2.13-3.2.1.jar:/home/ubuntu/.m2/repository/org/apache/spark/spark-network-common_2.13/3.2.1/spark-network-common_2.13-3.2.1.jar:/home/ubuntu/.m2/repository/com/google/crypto/tink/tink/1.6.0/tink-1.6.0.jar:/home/ubuntu/.m2/repository/org/apache/spark/spark-network-shuffle_2.13/3.2.1/spark-network-shuffle_2.13-3.2.1.jar:/home/ubuntu/.m2/repository/org/apache/spark/spark-unsafe_2.13/3.2.1/spark-unsafe_2.13-3.2.1.jar:/home/ubuntu/.m2/repository/jakarta/servlet/jakarta.servlet-api/4.0.3/jakarta.servlet-api-4.0.3.jar:/home/ubuntu/.m2/repository/org/apache/commons/commons-text/1.6/commons-text-1.6.jar:/home/ubuntu/.m2/repository/commons-collections/commons-collections/3.2.2/commons-collections-3.2.2.jar:/home/ubuntu/.m2/repository/org/scala-lang/modules/scala-xml_2.13/1.2.0/scala-xml_2.13-1.2.0.jar:/home/ubuntu/.m2/repository/org/json4s/json4s-jackson_2.13/3.7.0-M11/json4s-jackson_2.13-3.7.0-M11.jar:/home/ubuntu/.m2/repository/org/json4s/json4s-core_2.13/3.7.0-M11/json4s-core_2.13-3.7.0-M11.jar:/home/ubuntu/.m2/repository/org/json4s/json4s-ast_2.13/3.7.0-M11/json4s-ast_2.13-3.7.0-M11.jar:/home/ubuntu/.m2/repository/org/json4s/json4s-scalap_2.13/3.7.0-M11/json4s-scalap_2.13-3.7.0-M11.jar:/home/ubuntu/.m2/repository/org/glassfish/jersey/inject/jersey-hk2/2.34/jersey-hk2-2.34.jar:/home/ubuntu/.m2/repository/io/dropwizard/metrics/metrics-jmx/4.2.0/metrics-jmx-4.2.0.jar:/home/ubuntu/.m2/repository/com/fasterxml/jackson/module/jackson-module-scala_2.13/2.12.3/jackson-module-scala_2.13-2.12.3.jar:/home/ubuntu/.m2/repository/org/apache/spark/spark-streaming_2.13/3.2.1/spark-streaming_2.13-3.2.1.jar:/home/ubuntu/.m2/repository/org/apache/spark/spark-sql_2.13/3.2.1/spark-sql_2.13-3.2.1.jar:/home/ubuntu/.m2/repository/org/rocksdb/rocksdbjni/6.20.3/rocksdbjni-6.20.3.jar:/home/ubuntu/.m2/repository/org/apache/spark/spark-sketch_2.13/3.2.1/spark-sketch_2.13-3.2.1.jar:/home/ubuntu/.m2/repository/org/apache/spark/spark-catalyst_2.13/3.2.1/spark-catalyst_2.13-3.2.1.jar:/home/ubuntu/.m2/repository/org/apache/arrow/arrow-memory-netty/2.0.0/arrow-memory-netty-2.0.0.jar:/home/ubuntu/.m2/repository/org/apache/arrow/arrow-memory-core/2.0.0/arrow-memory-core-2.0.0.jar:/home/ubuntu/.m2/repository/org/apache/orc/orc-core/1.6.12/orc-core-1.6.12.jar:/home/ubuntu/.m2/repository/org/jetbrains/annotations/17.0.0/annotations-17.0.0.jar:/home/ubuntu/.m2/repository/org/threeten/threeten-extra/1.5.0/threeten-extra-1.5.0.jar:/home/ubuntu/.m2/repository/org/apache/orc/orc-mapreduce/1.6.12/orc-mapreduce-1.6.12.jar:/home/ubuntu/.m2/repository/org/apache/hive/hive-storage-api/2.7.2/hive-storage-api-2.7.2.jar:/home/ubuntu/.m2/repository/org/apache/spark/spark-graphx_2.13/3.2.1/spark-graphx_2.13-3.2.1.jar:/home/ubuntu/.m2/repository/net/sourceforge/f2j/arpack_combined_all/0.1/arpack_combined_all-0.1.jar:/home/ubuntu/.m2/repository/org/apache/spark/spark-mllib-local_2.13/3.2.1/spark-mllib-local_2.13-3.2.1.jar:/home/ubuntu/.m2/repository/org/scala-lang/modules/scala-parallel-collections_2.13/1.0.3/scala-parallel-collections_2.13-1.0.3.jar:/home/ubuntu/.m2/repository/org/scalanlp/breeze_2.13/1.2/breeze_2.13-1.2.jar:/home/ubuntu/.m2/repository/org/scalanlp/breeze-macros_2.13/1.2/breeze-macros_2.13-1.2.jar:/home/ubuntu/.m2/repository/com/github/fommil/netlib/core/1.1.2/core-1.1.2.jar:/home/ubuntu/.m2/repository/net/sf/opencsv/opencsv/2.3/opencsv-2.3.jar:/home/ubuntu/.m2/repository/com/github/wendykierp/JTransforms/3.1/JTransforms-3.1.jar:/home/ubuntu/.m2/repository/pl/edu/icm/JLargeArrays/1.5/JLargeArrays-1.5.jar:/home/ubuntu/.m2/repository/com/chuusai/shapeless_2.13/2.3.3/shapeless_2.13-2.3.3.jar:/home/ubuntu/.m2/repository/org/typelevel/spire_2.13/0.17.0/spire_2.13-0.17.0.jar:/home/ubuntu/.m2/repository/org/typelevel/spire-macros_2.13/0.17.0/spire-macros_2.13-0.17.0.jar:/home/ubuntu/.m2/repository/org/typelevel/spire-platform_2.13/0.17.0/spire-platform_2.13-0.17.0.jar:/home/ubuntu/.m2/repository/org/typelevel/spire-util_2.13/0.17.0/spire-util_2.13-0.17.0.jar:/home/ubuntu/.m2/repository/org/typelevel/algebra_2.13/2.0.1/algebra_2.13-2.0.1.jar:/home/ubuntu/.m2/repository/org/typelevel/cats-kernel_2.13/2.1.1/cats-kernel_2.13-2.1.1.jar:/home/ubuntu/.m2/repository/org/scala-lang/modules/scala-collection-compat_2.13/2.1.1/scala-collection-compat_2.13-2.1.1.jar:/home/ubuntu/.m2/repository/org/glassfish/jaxb/jaxb-runtime/2.3.2/jaxb-runtime-2.3.2.jar:/home/ubuntu/.m2/repository/jakarta/xml/bind/jakarta.xml.bind-api/2.3.2/jakarta.xml.bind-api-2.3.2.jar:/home/ubuntu/.m2/repository/com/sun/istack/istack-commons-runtime/3.0.8/istack-commons-runtime-3.0.8.jar:/home/ubuntu/.m2/repository/org/apache/spark/spark-tags_2.13/3.2.1/spark-tags_2.13-3.2.1.jar:/home/ubuntu/.m2/repository/dev/ludovic/netlib/blas/2.2.1/blas-2.2.1.jar:/home/ubuntu/.m2/repository/dev/ludovic/netlib/lapack/2.2.1/lapack-2.2.1.jar:/home/ubuntu/.m2/repository/dev/ludovic/netlib/arpack/2.2.1/arpack-2.2.1.jar:/home/ubuntu/.m2/repository/org/apache/spark/spark-sql_2.12/2.4.4/spark-sql_2.12-2.4.4.jar:/home/ubuntu/.m2/repository/com/univocity/univocity-parsers/2.7.3/univocity-parsers-2.7.3.jar:/home/ubuntu/.m2/repository/org/apache/spark/spark-sketch_2.12/2.4.4/spark-sketch_2.12-2.4.4.jar:/home/ubuntu/.m2/repository/org/apache/spark/spark-catalyst_2.12/2.4.4/spark-catalyst_2.12-2.4.4.jar:/home/ubuntu/.m2/repository/org/scala-lang/modules/scala-parser-combinators_2.12/1.1.0/scala-parser-combinators_2.12-1.1.0.jar:/home/ubuntu/.m2/repository/org/codehaus/janino/janino/3.0.9/janino-3.0.9.jar:/home/ubuntu/.m2/repository/org/codehaus/janino/commons-compiler/3.0.9/commons-compiler-3.0.9.jar:/home/ubuntu/.m2/repository/org/antlr/antlr4-runtime/4.7/antlr4-runtime-4.7.jar:/home/ubuntu/.m2/repository/org/apache/orc/orc-core/1.5.5/orc-core-1.5.5-nohive.jar:/home/ubuntu/.m2/repository/org/apache/orc/orc-shims/1.5.5/orc-shims-1.5.5.jar:/home/ubuntu/.m2/repository/io/airlift/aircompressor/0.10/aircompressor-0.10.jar:/home/ubuntu/.m2/repository/org/apache/orc/orc-mapreduce/1.5.5/orc-mapreduce-1.5.5-nohive.jar:/home/ubuntu/.m2/repository/org/apache/parquet/parquet-column/1.10.1/parquet-column-1.10.1.jar:/home/ubuntu/.m2/repository/org/apache/parquet/parquet-common/1.10.1/parquet-common-1.10.1.jar:/home/ubuntu/.m2/repository/org/apache/parquet/parquet-encoding/1.10.1/parquet-encoding-1.10.1.jar:/home/ubuntu/.m2/repository/org/apache/parquet/parquet-hadoop/1.10.1/parquet-hadoop-1.10.1.jar:/home/ubuntu/.m2/repository/org/apache/parquet/parquet-format/2.4.0/parquet-format-2.4.0.jar:/home/ubuntu/.m2/repository/org/apache/parquet/parquet-jackson/1.10.1/parquet-jackson-1.10.1.jar:/home/ubuntu/.m2/repository/org/apache/arrow/arrow-vector/0.10.0/arrow-vector-0.10.0.jar:/home/ubuntu/.m2/repository/org/apache/arrow/arrow-format/0.10.0/arrow-format-0.10.0.jar:/home/ubuntu/.m2/repository/org/apache/arrow/arrow-memory/0.10.0/arrow-memory-0.10.0.jar:/home/ubuntu/.m2/repository/joda-time/joda-time/2.9.9/joda-time-2.9.9.jar:/home/ubuntu/.m2/repository/com/carrotsearch/hppc/0.7.2/hppc-0.7.2.jar:/home/ubuntu/.m2/repository/com/vlkan/flatbuffers/1.2.0-3f79e055/flatbuffers-1.2.0-3f79e055.jar:"/>
    <property name="sun.cpu.endian" value="little"/>
    <property name="user.home" value="/home/ubuntu"/>
    <property name="user.language" value="en"/>
    <property name="java.specification.vendor" value="Oracle Corporation"/>
    <property name="java.home" value="/usr/lib/jvm/java-8-openjdk-amd64/jre"/>
    <property name="basedir" value="/home/ubuntu/WinePredict"/>
    <property name="file.separator" value="/"/>
    <property name="line.separator" value="&#10;"/>
    <property name="java.vm.specification.vendor" value="Oracle Corporation"/>
    <property name="java.specification.name" value="Java Platform API Specification"/>
    <property name="java.awt.graphicsenv" value="sun.awt.X11GraphicsEnvironment"/>
    <property name="surefire.real.class.path" value="/home/ubuntu/WinePredict/target/surefire/surefirebooter2207977482360049940.jar"/>
    <property name="sun.boot.class.path" value="/usr/lib/jvm/java-8-openjdk-amd64/jre/lib/resources.jar:/usr/lib/jvm/java-8-openjdk-amd64/jre/lib/rt.jar:/usr/lib/jvm/java-8-openjdk-amd64/jre/lib/sunrsasign.jar:/usr/lib/jvm/java-8-openjdk-amd64/jre/lib/jsse.jar:/usr/lib/jvm/java-8-openjdk-amd64/jre/lib/jce.jar:/usr/lib/jvm/java-8-openjdk-amd64/jre/lib/charsets.jar:/usr/lib/jvm/java-8-openjdk-amd64/jre/lib/jfr.jar:/usr/lib/jvm/java-8-openjdk-amd64/jre/classes"/>
    <property name="sun.management.compiler" value="HotSpot 64-Bit Tiered Compilers"/>
    <property name="java.runtime.version" value="1.8.0_312-8u312-b07-0ubuntu1~20.04-b07"/>
    <property name="user.name" value="ubuntu"/>
    <property name="path.separator" value=":"/>
    <property name="os.version" value="5.13.0-1022-aws"/>
    <property name="java.endorsed.dirs" value="/usr/lib/jvm/java-8-openjdk-amd64/jre/lib/endorsed"/>
    <property name="java.runtime.name" value="OpenJDK Runtime Environment"/>
    <property name="file.encoding" value="UTF-8"/>
    <property name="java.vm.name" value="OpenJDK 64-Bit Server VM"/>
    <property name="localRepository" value="/home/ubuntu/.m2/repository"/>
    <property name="java.vendor.url.bug" value="http://bugreport.sun.com/bugreport/"/>
    <property name="java.io.tmpdir" value="/tmp"/>
    <property name="java.version" value="1.8.0_312"/>
    <property name="user.dir" value="/home/ubuntu/WinePredict"/>
    <property name="os.arch" value="amd64"/>
    <property name="java.vm.specification.name" value="Java Virtual Machine Specification"/>
    <property name="java.awt.printerjob" value="sun.print.PSPrinterJob"/>
    <property name="sun.os.patch.level" value="unknown"/>
    <property name="java.library.path" value="/usr/java/packages/lib/amd64:/usr/lib/x86_64-linux-gnu/jni:/lib/x86_64-linux-gnu:/usr/lib/x86_64-linux-gnu:/usr/lib/jni:/lib:/usr/lib"/>
    <property name="java.vm.info" value="mixed mode"/>
    <property name="java.vendor" value="Private Build"/>
    <property name="java.vm.version" value="25.312-b07"/>
    <property name="java.ext.dirs" value="/usr/lib/jvm/java-8-openjdk-amd64/jre/lib/ext:/usr/java/packages/lib/ext"/>
    <property name="sun.io.unicode.encoding" value="UnicodeLittle"/>
    <property name="java.class.version" value="52.0"/>
  </properties>
  <testcase name="shouldAnswerWithTrue" classname="spark.proj.AppTest" time="0.001"/>
</testsuite>